<?xml version="1.0" encoding="UTF-8"?>
<!-- Generated by org.testng.reporters.JUnitReportReporter -->
<testsuite skipped="0" hostname="DESKTOP-KNMA7Q1" name="com.testngexamples.HandlingPopupTest" tests="1" failures="0" timestamp="18 Nov 2017 14:18:12 GMT" time="5.066" errors="0">
  <testcase name="handlingPopUp" time="5.066" classname="com.testngexamples.HandlingPopupTest"/>
</testsuite> <!-- com.testngexamples.HandlingPopupTest -->
