<?xml version="1.0" encoding="UTF-8"?>
<!-- Generated by org.testng.reporters.JUnitReportReporter -->
<testsuite skipped="0" hostname="DESKTOP-KNMA7Q1" name="TestPractise1" tests="1" failures="0" timestamp="14 Dec 2017 03:02:21 GMT" time="10.045" errors="0">
  <testcase name="test1" time="10.045" classname="TestPractise1"/>
</testsuite> <!-- TestPractise1 -->
