<?xml version="1.0" encoding="UTF-8"?>
<!-- Generated by org.testng.reporters.JUnitReportReporter -->
<testsuite skipped="0" hostname="DESKTOP-KNMA7Q1" name="com.testngexamples.TestNgBasic" tests="2" failures="0" timestamp="14 Nov 2017 16:47:30 GMT" time="0.015" errors="0">
  <testcase name="MTest1" time="0.007" classname="com.testngexamples.TestNgBasic"/>
  <testcase name="MTest2" time="0.008" classname="com.testngexamples.TestNgBasic"/>
</testsuite> <!-- com.testngexamples.TestNgBasic -->
