<?xml version="1.0" encoding="UTF-8"?>
<!-- Generated by org.testng.reporters.JUnitReportReporter -->
<testsuite skipped="0" hostname="DESKTOP-KNMA7Q1" name="com.testngexamples.HandlingFramesTest" tests="1" failures="0" timestamp="11 Mar 2018 05:43:57 GMT" time="11.629" errors="0">
  <testcase name="handlingFramesTest" time="11.629" classname="com.testngexamples.HandlingFramesTest"/>
</testsuite> <!-- com.testngexamples.HandlingFramesTest -->
