<?xml version="1.0" encoding="UTF-8"?>
<!-- Generated by org.testng.reporters.JUnitReportReporter -->
<testsuite skipped="0" hostname="DESKTOP-KNMA7Q1" name="com.testngexamples.TestPriority" tests="5" failures="0" timestamp="14 Nov 2017 17:27:10 GMT" time="0.016" errors="0">
  <testcase name="m1" time="0.004" classname="com.testngexamples.TestPriority"/>
  <testcase name="m4" time="0.002" classname="com.testngexamples.TestPriority"/>
  <testcase name="m3" time="0.007" classname="com.testngexamples.TestPriority"/>
  <testcase name="m5" time="0.001" classname="com.testngexamples.TestPriority"/>
  <testcase name="m2" time="0.002" classname="com.testngexamples.TestPriority"/>
</testsuite> <!-- com.testngexamples.TestPriority -->
