<?xml version="1.0" encoding="UTF-8"?>
<!-- Generated by org.testng.reporters.JUnitReportReporter -->
<testsuite skipped="0" hostname="DESKTOP-KNMA7Q1" name="com.testngexamples.FluentWaitTest" tests="1" failures="0" timestamp="19 Mar 2018 18:49:58 GMT" time="15.083" errors="0">
  <testcase name="fluentWaitTest" time="15.083" classname="com.testngexamples.FluentWaitTest"/>
</testsuite> <!-- com.testngexamples.FluentWaitTest -->
