<?xml version="1.0" encoding="UTF-8"?>
<!-- Generated by org.testng.reporters.JUnitReportReporter -->
<testsuite skipped="0" hostname="DESKTOP-KNMA7Q1" name="com.testngexamples.MouseOperationTest" tests="1" failures="0" timestamp="11 Mar 2018 08:45:37 GMT" time="22.432" errors="0">
  <testcase name="mouseOperationTest" time="22.432" classname="com.testngexamples.MouseOperationTest"/>
</testsuite> <!-- com.testngexamples.MouseOperationTest -->
