<?xml version="1.0" encoding="UTF-8"?>
<!-- Generated by org.testng.reporters.JUnitReportReporter -->
<testsuite skipped="0" hostname="DESKTOP-KNMA7Q1" name="com.testngexamples.TestNGfeatures" tests="3" failures="0" timestamp="14 Nov 2017 18:02:48 GMT" time="0.011" errors="0">
  <testcase name="m1" time="0.007" classname="com.testngexamples.TestNGfeatures"/>
  <testcase name="m2" time="0.001" classname="com.testngexamples.TestNGfeatures"/>
  <testcase name="m3" time="0.003" classname="com.testngexamples.TestNGfeatures"/>
</testsuite> <!-- com.testngexamples.TestNGfeatures -->
