<?xml version="1.0" encoding="UTF-8"?>
<!-- Generated by org.testng.reporters.JUnitReportReporter -->
<testsuite skipped="0" hostname="DESKTOP-KNMA7Q1" name="com.testngexamples.AllLinks" tests="1" failures="0" timestamp="17 Mar 2018 14:37:07 GMT" time="11.377" errors="0">
  <testcase name="allLinks" time="11.377" classname="com.testngexamples.AllLinks"/>
</testsuite> <!-- com.testngexamples.AllLinks -->
