<?xml version="1.0" encoding="UTF-8"?>
<!-- Generated by org.testng.reporters.JUnitReportReporter -->
<testsuite skipped="0" hostname="DESKTOP-KNMA7Q1" name="com.testngexamples.GoogleSearchTest" tests="1" failures="0" timestamp="17 Mar 2018 17:12:27 GMT" time="8.137" errors="0">
  <testcase name="googleSearchTest" time="8.137" classname="com.testngexamples.GoogleSearchTest"/>
</testsuite> <!-- com.testngexamples.GoogleSearchTest -->
