<?xml version="1.0" encoding="UTF-8"?>
<!-- Generated by org.testng.reporters.JUnitReportReporter -->
<testsuite skipped="0" hostname="DESKTOP-KNMA7Q1" name="com.testngexamples.HandlingTabBrowserTest" tests="1" failures="0" timestamp="10 Mar 2018 17:56:47 GMT" time="51.536" errors="0">
  <testcase name="handlingTabBrowserTest" time="51.536" classname="com.testngexamples.HandlingTabBrowserTest"/>
</testsuite> <!-- com.testngexamples.HandlingTabBrowserTest -->
