<?xml version="1.0" encoding="UTF-8"?>
<!-- Generated by org.testng.reporters.JUnitReportReporter -->
<testsuite skipped="0" hostname="DESKTOP-KNMA7Q1" name="com.testngexamples.FrameHandlingTest" tests="1" failures="0" timestamp="19 Nov 2017 08:39:36 GMT" time="30.325" errors="0">
  <testcase name="frameHandlingTest" time="30.325" classname="com.testngexamples.FrameHandlingTest"/>
</testsuite> <!-- com.testngexamples.FrameHandlingTest -->
