<?xml version="1.0" encoding="UTF-8"?>
<!-- Generated by org.testng.reporters.JUnitReportReporter -->
<testsuite skipped="0" hostname="DESKTOP-KNMA7Q1" name="com.testngexamples.DragandDropTest" tests="1" failures="0" timestamp="19 Nov 2017 11:39:52 GMT" time="12.469" errors="0">
  <testcase name="mousemoventTest" time="12.469" classname="com.testngexamples.DragandDropTest"/>
</testsuite> <!-- com.testngexamples.DragandDropTest -->
