<?xml version="1.0" encoding="UTF-8"?>
<!-- Generated by org.testng.reporters.JUnitReportReporter -->
<testsuite skipped="0" hostname="DESKTOP-KNMA7Q1" name="com.testngexamples.MouseMovementTest" tests="1" failures="0" timestamp="22 Nov 2017 07:27:34 GMT" time="35.694" errors="0">
  <testcase name="mousemoventTest" time="35.694" classname="com.testngexamples.MouseMovementTest"/>
</testsuite> <!-- com.testngexamples.MouseMovementTest -->
