<?xml version="1.0" encoding="UTF-8"?>
<!-- Generated by org.testng.reporters.JUnitReportReporter -->
<testsuite skipped="0" hostname="DESKTOP-KNMA7Q1" name="com.testngexamples.AlertPopUpTest" tests="1" failures="0" timestamp="14 Mar 2018 02:45:44 GMT" time="9.422" errors="0">
  <testcase name="alertTest" time="9.422" classname="com.testngexamples.AlertPopUpTest"/>
</testsuite> <!-- com.testngexamples.AlertPopUpTest -->
