<?xml version="1.0" encoding="UTF-8"?>
<!-- Generated by org.testng.reporters.JUnitReportReporter -->
<testsuite skipped="0" hostname="DESKTOP-KNMA7Q1" name="HandleWindowsPopUpTest" tests="1" failures="0" timestamp="22 Nov 2017 17:48:06 GMT" time="6.226" errors="0">
  <testcase name="handlePopUpTest" time="6.226" classname="HandleWindowsPopUpTest"/>
</testsuite> <!-- HandleWindowsPopUpTest -->
