<?xml version="1.0" encoding="UTF-8"?>
<!-- Generated by org.testng.reporters.JUnitReportReporter -->
<testsuite skipped="0" hostname="DESKTOP-KNMA7Q1" name="com.testngexamples.NavigateTest" tests="1" failures="0" timestamp="22 Nov 2017 07:58:18 GMT" time="15.527" errors="0">
  <testcase name="navigateTest" time="15.527" classname="com.testngexamples.NavigateTest"/>
</testsuite> <!-- com.testngexamples.NavigateTest -->
