<?xml version="1.0" encoding="UTF-8"?>
<!-- Generated by org.testng.reporters.JUnitReportReporter -->
<testsuite skipped="0" hostname="DESKTOP-KNMA7Q1" name="com.testngexamples.WindowsHandlerTest" tests="1" failures="0" timestamp="10 Mar 2018 10:57:48 GMT" time="16.947" errors="0">
  <testcase name="allWindows" time="16.947" classname="com.testngexamples.WindowsHandlerTest"/>
</testsuite> <!-- com.testngexamples.WindowsHandlerTest -->
