<?xml version="1.0" encoding="UTF-8"?>
<!-- Generated by org.testng.reporters.JUnitReportReporter -->
<testsuite skipped="0" hostname="DESKTOP-KNMA7Q1" name="com.testngexamples.TakeScreenshotTest" tests="1" failures="0" timestamp="22 Nov 2017 09:19:44 GMT" time="14.395" errors="0">
  <testcase name="navigateTest" time="14.395" classname="com.testngexamples.TakeScreenshotTest"/>
</testsuite> <!-- com.testngexamples.TakeScreenshotTest -->
