<?xml version="1.0" encoding="UTF-8"?>
<!-- Generated by org.testng.reporters.JUnitReportReporter -->
<testsuite skipped="0" hostname="DESKTOP-KNMA7Q1" name="com.testngexamples.ParameterTest" tests="2" failures="0" timestamp="14 Nov 2017 17:00:01 GMT" time="31.150" errors="0">
  <testcase name="yahooLoginTest" time="18.592" classname="com.testngexamples.ParameterTest"/>
  <testcase name="yahooLoginTest" time="12.558" classname="com.testngexamples.ParameterTest"/>
</testsuite> <!-- com.testngexamples.ParameterTest -->
